2025-07-28T13:06:24.269Z [INFO]: Login exitoso - Nombre: Roque Nicolás, DNI: 20296084043
2025-07-28T13:46:59.004Z [INFO]: Login exitoso - Nombre: Roque Nicolás, DNI: 20296084043
2025-07-28T16:41:46.989Z [INFO]: Login exitoso - Nombre: Roque Nicolás, DNI: 20296084043
2025-07-30T20:45:26.571Z [INFO]: Login exitoso - Nombre: Roque Nicolás, DNI: 20296084043
2025-07-31T12:21:32.341Z [INFO]: Login exitoso - Nombre: Roque Nicolás, DNI: 20296084043
2025-07-31T13:09:54.901Z [INFO]: Login exitoso - Nombre: Roque Nicolás, DNI: 20296084043
2025-07-21T13:15:38.434Z [INFO]: Login exitoso - Nombre: Roque Nicolás, DNI: 20296084043
2025-07-21T13:15:44.336Z [INFO]: getAreas ejecutado por Roque Nicolás Carballo
2025-07-21T13:15:45.780Z [INFO]: getAreas ejecutado por Roque Nicolás Carballo
2025-07-21T13:15:55.285Z [INFO]: Área actualizada por N/A N/A: 
      Código: ATD → ATD, 
      Nombre: ATD TEST → ATD TEST 2, 
      Vigente: 1 → true
2025-07-21T13:16:26.880Z [INFO]: Área actualizada por Roque Nicolás Carballo: 
      Código: ATD → ATD, 
      Nombre: ATD TEST 2 → ATD TEST, 
      Vigente: 1 → true
2025-07-25T13:32:35.429Z [INFO]: Login exitoso - Nombre: Roque Nicolás, DNI: 20296084043
2025-07-25T13:46:42.667Z [INFO]: Login exitoso - Nombre: Roque Nicolás, DNI: 20296084043
2025-07-25T13:47:18.202Z [INFO]: getAreas ejecutado por Roque Nicolás Carballo
2025-07-25T13:47:18.780Z [INFO]: getAreas ejecutado por Roque Nicolás Carballo
2025-07-25T13:48:19.193Z [INFO]: Login exitoso - Nombre: Roque Nicolás, DNI: 20296084043
2025-07-25T13:48:33.198Z [INFO]: getAreas ejecutado por Roque Nicolás Carballo
2025-07-25T13:48:33.816Z [INFO]: getAreas ejecutado por Roque Nicolás Carballo
2025-07-25T13:48:52.180Z [INFO]: Área actualizada por Roque Nicolás Carballo: 
      Código: ATD → ATD, 
      Nombre: ATD TEST → ATD TEST2, 
      Vigente: 1 → true
2025-07-25T13:51:46.156Z [INFO]: Área creada por Roque Nicolás Carballo: Código=atest5, Nombre=test, Ministerio=mtest
2025-07-25T13:52:16.244Z [WARN]: Área eliminada por Roque Nicolás Carballo: Código=atest5
2025-07-25T14:16:16.143Z [INFO]: Área asignada por Roque Nicolás Carballo: Usuario=20111111111, Área=TEST991, Comentario="Sin comentarios"
2025-07-25T14:19:20.047Z [WARN]: Asignación eliminada por Roque Nicolás Carballo: Usuario=20111111111, Área=TEST991
2025-07-25T14:48:33.390Z [INFO]: Login exitoso - Nombre: Roque Nicolás, DNI: 20296084043
2025-07-28T12:04:28.879Z [INFO]: Login exitoso - Nombre: Christian Javier, DNI: 20378513376
2025-07-29T14:39:35.675Z [INFO]: Login exitoso - Nombre: Christian Javier, DNI: 20378513376
2025-07-29T14:39:54.208Z [INFO]: Login exitoso - Nombre: Christian Javier, DNI: 20378513376
2025-07-30T11:50:04.839Z [INFO]: Login exitoso - Nombre: Christian Javier, DNI: 20378513376
2025-07-31T11:26:00.094Z [INFO]: Login exitoso - Nombre: Christian Javier, DNI: 20378513376
2025-07-31T12:06:08.845Z [INFO]: Login exitoso - Nombre: Christian Javier, DNI: 20378513376
2025-07-31T14:32:54.064Z [INFO]: Login exitoso - Nombre: Christian Javier, DNI: 20378513376
2025-07-31T15:50:35.692Z [INFO]: Login exitoso - Nombre: Christian Javier, DNI: 20378513376
2025-07-31T15:53:08.874Z [INFO]: Login exitoso - Nombre: Christian Javier, DNI: 20111111111
2025-07-31T16:10:16.017Z [INFO]: Login exitoso - Nombre: Christian Javier, DNI: 20378513376
2025-07-31T16:10:56.632Z [INFO]: Login exitoso - Nombre: Christian Javier, DNI: 20111111111
2025-07-31T16:11:41.331Z [INFO]: Login exitoso - Nombre: Christian Javier, DNI: 20111111111
2025-07-31T16:13:14.168Z [INFO]: Login exitoso - Nombre: Christian Javier, DNI: 20111111111
2025-07-31T16:16:13.420Z [INFO]: Login exitoso - Nombre: Christian Javier, DNI: 20111111111
2025-07-31T13:53:11.021Z [INFO]: Login exitoso - Nombre: Roque Nicolás, DNI: 20296084043
2025-07-31T23:21:51.310Z [INFO]: Login exitoso - Nombre: Roque Nicolás, DNI: 20296084043
2025-08-01T11:36:22.283Z [INFO]: Login exitoso - Nombre: Roque Nicolás, DNI: 20296084043
2025-08-01T11:55:39.483Z [INFO]: Login exitoso - Nombre: Roque Nicolás, DNI: 20296084043
2025-08-01T12:28:18.550Z [INFO]: Login exitoso - Nombre: Roque Nicolás, DNI: 20296084043
2025-08-01T12:49:31.160Z [INFO]: Instancia(s) creada(s) por Roque Nicolás Carballo: Curso=C-ACIR, Cantidad de Cohortes=1
2025-08-01T13:07:55.173Z [INFO]: Instancia(s) creada(s) por Roque Nicolás Carballo: Curso=C-PME, Cantidad de Cohortes=1
2025-08-01T13:18:22.668Z [INFO]: Instancia(s) creada(s) por Roque Nicolás Carballo: Curso=C-LY, Cantidad de Cohortes=1
2025-08-01T13:27:42.347Z [INFO]: Instancia(s) creada(s) por Roque Nicolás Carballo: Curso=C-LY, Cantidad de Cohortes=1
2025-08-01T13:29:06.419Z [INFO]: Login exitoso - Nombre: Christian Javier, DNI: 20111111111
2025-08-01T13:33:32.325Z [INFO]: Login exitoso - Nombre: Roque Nicolás, DNI: 20296084043
2025-08-01T14:21:44.615Z [INFO]: Intento de actualización de instancia por Roque Nicolás Carballo: Curso=C-EN1+26, Fecha=2025-01-06, Datos={"es_autogestionado":0}
2025-08-01T14:21:45.404Z [INFO]: Intento de actualización de instancia por Roque Nicolás Carballo: Curso=C-EN1+26, Fecha=2025-01-06, Datos={"es_autogestionado":0}
2025-08-01T14:21:45.643Z [INFO]: Intento de actualización de instancia por Roque Nicolás Carballo: Curso=C-EN1+26, Fecha=2025-01-06, Datos={"es_autogestionado":0}
2025-08-01T14:21:45.823Z [INFO]: Intento de actualización de instancia por Roque Nicolás Carballo: Curso=C-EN1+26, Fecha=2025-01-06, Datos={"es_autogestionado":0}
2025-08-01T14:21:46.162Z [INFO]: Instancia actualizada exitosamente por Roque Nicolás Carballo: 1 fila(s) afectadas.
2025-08-01T14:21:46.334Z [WARN]: Actualización de instancia por Roque Nicolás Carballo no afectó filas (Curso: C-EN1+26, Fecha: 2025-01-06).
2025-08-01T14:21:46.506Z [WARN]: Actualización de instancia por Roque Nicolás Carballo no afectó filas (Curso: C-EN1+26, Fecha: 2025-01-06).
2025-08-01T14:21:46.822Z [WARN]: Actualización de instancia por Roque Nicolás Carballo no afectó filas (Curso: C-EN1+26, Fecha: 2025-01-06).
2025-08-01T14:21:53.101Z [INFO]: Intento de actualización de instancia por Roque Nicolás Carballo: Curso=C-EN1+26, Fecha=2025-01-06, Datos={"es_autogestionado":1}
2025-08-01T14:21:53.276Z [INFO]: Instancia actualizada exitosamente por Roque Nicolás Carballo: 1 fila(s) afectadas.
2025-08-01T14:22:32.064Z [INFO]: Intento de actualización de instancia por Roque Nicolás Carballo: Curso=C-EN1+26, Fecha=2025-01-06, Datos={"es_autogestionado":0}
2025-08-01T14:22:33.420Z [INFO]: Instancia actualizada exitosamente por Roque Nicolás Carballo: 1 fila(s) afectadas.
2025-08-01T14:23:00.668Z [INFO]: Intento de actualización de instancia por Roque Nicolás Carballo: Curso=C-EN1+26, Fecha=2025-01-06, Datos={}
2025-08-01T14:23:00.669Z [WARN]: Actualización de instancia por Roque Nicolás Carballo no afectó filas (Curso: C-EN1+26, Fecha: 2025-01-06).
2025-08-01T14:39:31.860Z [INFO]: Intento de actualización de instancia por Roque Nicolás Carballo: Curso=C-LY, Fecha=2025-10-01, Datos={"tiene_correlatividad":1,"tiene_restriccion_edad":1,"tiene_restriccion_departamento":1}
2025-08-01T14:39:33.216Z [INFO]: Instancia actualizada exitosamente por Roque Nicolás Carballo: 1 fila(s) afectadas.
2025-08-01T14:42:24.748Z [INFO]: Login exitoso - Nombre: Roque Nicolás, DNI: 20296084043
2025-08-01T14:47:37.602Z [INFO]: Intento de actualización de instancia por Roque Nicolás Carballo: Curso=C-IMD+26, Fecha=2025-01-06, Datos={"es_autogestionado":0}
2025-08-01T14:47:37.952Z [INFO]: Instancia actualizada exitosamente por Roque Nicolás Carballo: 1 fila(s) afectadas.
2025-08-01T14:57:45.096Z [INFO]: Intento de actualización de instancia por Roque Nicolás Carballo: Curso=C-HCS+26, Fecha=2025-01-06, Datos={"es_autogestionado":0}
2025-08-01T14:57:46.439Z [INFO]: Instancia actualizada exitosamente por Roque Nicolás Carballo: 1 fila(s) afectadas.
